# JRE version: OpenJDK Runtime Environment Temurin-17.0.10+7 (17.0.10+7) (build 17.0.10+7)
# Java VM: OpenJDK 64-Bit Server VM Temurin-17.0.10+7 (17.0.10+7, mixed mode, emulated-client, tiered, compressed oops, compressed class ptrs, g1 gc, linux-amd64)
GC Precious Log:
 CPUs: 4 total, 4 available
 Memory: 7822M
 Large Page Support: Disabled
 NUMA Support: Disabled
 Compressed Oops: Enabled (32-bit)
 Heap Region Size: 1M
 Heap Min Capacity: 8M
 Heap Initial Capacity: 124M
 Heap Max Capacity: 1956M
 Pre-touch: Disabled
 Parallel Workers: 4
 Concurrent Workers: 1
 Concurrent Refinement Workers: 4
 Periodic GC: Disabled
Heap:
 garbage-first heap   total 75776K, used 54011K [0x0000000085c00000, 0x0000000100000000)
  region size 1024K, 22 young (22528K), 2 survivors (2048K)
 Metaspace       used 76115K, committed 76800K, reserved 1179648K
  class space    used 10162K, committed 10496K, reserved 1048576K
GC Heap History (20 events):
Event: 8348,738 GC heap before
{Heap before GC invocations=43 (full 5):
 garbage-first heap   total 75776K, used 57782K [0x0000000085c00000, 0x0000000100000000)
  region size 1024K, 33 young (33792K), 3 survivors (3072K)
 Metaspace       used 75299K, committed 75904K, reserved 1179648K
  class space    used 10095K, committed 10368K, reserved 1048576K
}
Event: 8348,748 GC heap after
{Heap after GC invocations=44 (full 5):
 garbage-first heap   total 75776K, used 29052K [0x0000000085c00000, 0x0000000100000000)
  region size 1024K, 5 young (5120K), 5 survivors (5120K)
 Metaspace       used 75299K, committed 75904K, reserved 1179648K
  class space    used 10095K, committed 10368K, reserved 1048576K
}
Event: 8697,996 GC heap before
{Heap before GC invocations=44 (full 5):
 garbage-first heap   total 75776K, used 47484K [0x0000000085c00000, 0x0000000100000000)
  region size 1024K, 24 young (24576K), 5 survivors (5120K)
 Metaspace       used 75327K, committed 75968K, reserved 1179648K
  class space    used 10099K, committed 10368K, reserved 1048576K
}
Event: 8698,222 GC heap after
{Heap after GC invocations=45 (full 6):
 garbage-first heap   total 75776K, used 23673K [0x0000000085c00000, 0x0000000100000000)
  region size 1024K, 0 young (0K), 0 survivors (0K)
 Metaspace       used 75288K, committed 75968K, reserved 1179648K
  class space    used 10089K, committed 10368K, reserved 1048576K
}
Event: 8700,173 GC heap before
{Heap before GC invocations=45 (full 6):
 garbage-first heap   total 75776K, used 56441K [0x0000000085c00000, 0x0000000100000000)
  region size 1024K, 33 young (33792K), 0 survivors (0K)
 Metaspace       used 75313K, committed 75968K, reserved 1179648K
  class space    used 10093K, committed 10368K, reserved 1048576K
}
Event: 8700,181 GC heap after
{Heap after GC invocations=46 (full 6):
 garbage-first heap   total 75776K, used 26745K [0x0000000085c00000, 0x0000000100000000)
  region size 1024K, 3 young (3072K), 3 survivors (3072K)
 Metaspace       used 75313K, committed 75968K, reserved 1179648K
  class space    used 10093K, committed 10368K, reserved 1048576K
}
Event: 8785,123 GC heap before
{Heap before GC invocations=46 (full 6):
 garbage-first heap   total 75776K, used 58489K [0x0000000085c00000, 0x0000000100000000)
  region size 1024K, 34 young (34816K), 3 survivors (3072K)
 Metaspace       used 75504K, committed 76160K, reserved 1179648K
  class space    used 10109K, committed 10432K, reserved 1048576K
}
Event: 8785,270 GC heap after
{Heap after GC invocations=47 (full 6):
 garbage-first heap   total 75776K, used 27676K [0x0000000085c00000, 0x0000000100000000)
  region size 1024K, 2 young (2048K), 2 survivors (2048K)
 Metaspace       used 75504K, committed 76160K, reserved 1179648K
  class space    used 10109K, committed 10432K, reserved 1048576K
}
Event: 8786,211 GC heap before
{Heap before GC invocations=47 (full 6):
 garbage-first heap   total 75776K, used 57372K [0x0000000085c00000, 0x0000000100000000)
  region size 1024K, 32 young (32768K), 2 survivors (2048K)
 Metaspace       used 75544K, committed 76224K, reserved 1179648K
  class space    used 10115K, committed 10432K, reserved 1048576K
}
Event: 8786,228 GC heap after
{Heap after GC invocations=48 (full 6):
 garbage-first heap   total 75776K, used 29415K [0x0000000085c00000, 0x0000000100000000)
  region size 1024K, 4 young (4096K), 4 survivors (4096K)
 Metaspace       used 75544K, committed 76224K, reserved 1179648K
  class space    used 10115K, committed 10432K, reserved 1048576K
}
Event: 8826,254 GC heap before
{Heap before GC invocations=48 (full 6):
 garbage-first heap   total 75776K, used 57063K [0x0000000085c00000, 0x0000000100000000)
  region size 1024K, 32 young (32768K), 4 survivors (4096K)
 Metaspace       used 75700K, committed 76352K, reserved 1179648K
  class space    used 10126K, committed 10432K, reserved 1048576K
}
Event: 8826,504 GC heap after
{Heap after GC invocations=49 (full 6):
 garbage-first heap   total 75776K, used 29454K [0x0000000085c00000, 0x0000000100000000)
  region size 1024K, 2 young (2048K), 2 survivors (2048K)
 Metaspace       used 75700K, committed 76352K, reserved 1179648K
  class space    used 10126K, committed 10432K, reserved 1048576K
}
Event: 8844,146 GC heap before
{Heap before GC invocations=49 (full 6):
 garbage-first heap   total 75776K, used 59150K [0x0000000085c00000, 0x0000000100000000)
  region size 1024K, 31 young (31744K), 2 survivors (2048K)
 Metaspace       used 75737K, committed 76416K, reserved 1179648K
  class space    used 10131K, committed 10432K, reserved 1048576K
}
Event: 8844,155 GC heap after
{Heap after GC invocations=50 (full 6):
 garbage-first heap   total 75776K, used 31265K [0x0000000085c00000, 0x0000000100000000)
  region size 1024K, 3 young (3072K), 3 survivors (3072K)
 Metaspace       used 75737K, committed 76416K, reserved 1179648K
  class space    used 10131K, committed 10432K, reserved 1048576K
}
Event: 8845,017 GC heap before
{Heap before GC invocations=50 (full 6):
 garbage-first heap   total 75776K, used 58913K [0x0000000085c00000, 0x0000000100000000)
  region size 1024K, 31 young (31744K), 3 survivors (3072K)
 Metaspace       used 75859K, committed 76544K, reserved 1179648K
  class space    used 10139K, committed 10432K, reserved 1048576K
}
Event: 8845,026 GC heap after
{Heap after GC invocations=51 (full 6):
 garbage-first heap   total 75776K, used 33130K [0x0000000085c00000, 0x0000000100000000)
  region size 1024K, 3 young (3072K), 3 survivors (3072K)
 Metaspace       used 75859K, committed 76544K, reserved 1179648K
  class space    used 10139K, committed 10432K, reserved 1048576K
}
Event: 8879,350 GC heap before
{Heap before GC invocations=51 (full 6):
 garbage-first heap   total 75776K, used 59754K [0x0000000085c00000, 0x0000000100000000)
  region size 1024K, 29 young (29696K), 3 survivors (3072K)
 Metaspace       used 75921K, committed 76544K, reserved 1179648K
  class space    used 10145K, committed 10432K, reserved 1048576K
}
Event: 8879,358 GC heap after
{Heap after GC invocations=52 (full 6):
 garbage-first heap   total 75776K, used 34443K [0x0000000085c00000, 0x0000000100000000)
  region size 1024K, 4 young (4096K), 4 survivors (4096K)
 Metaspace       used 75921K, committed 76544K, reserved 1179648K
  class space    used 10145K, committed 10432K, reserved 1048576K
}
Event: 8880,075 GC heap before
{Heap before GC invocations=52 (full 6):
 garbage-first heap   total 75776K, used 60043K [0x0000000085c00000, 0x0000000100000000)
  region size 1024K, 29 young (29696K), 4 survivors (4096K)
 Metaspace       used 75951K, committed 76608K, reserved 1179648K
  class space    used 10150K, committed 10432K, reserved 1048576K
}
Event: 8880,085 GC heap after
{Heap after GC invocations=53 (full 6):
 garbage-first heap   total 75776K, used 35579K [0x0000000085c00000, 0x0000000100000000)
  region size 1024K, 2 young (2048K), 2 survivors (2048K)
 Metaspace       used 75951K, committed 76608K, reserved 1179648K
  class space    used 10150K, committed 10432K, reserved 1048576K
}

